<?xml version="1.0" encoding="UTF-8"?>
<testsuite xmlns:xsi="http://www.w3.org/2001/XMLSchema-instance" xsi:noNamespaceSchemaLocation="https://maven.apache.org/surefire/maven-surefire-plugin/xsd/surefire-test-report-3.0.xsd" version="3.0" name="com.github.eneco.tests.auth.CreateTokenTest" time="4.529" tests="2" errors="0" skipped="0" failures="0">
  <properties>
[...]
</properties>
  <testcase name="createTokenWithValidUsernameAndPasswordTest" classname="com.github.eneco.tests.auth.CreateTokenTest" time="3.813"/>
  <testcase name="createTokenWithInvalidUsernameAndPasswordTest" classname="com.github.eneco.tests.auth.CreateTokenTest" time="0.572"/>
</testsuite>